// 重构日志: 91c6a835
// 重构日志: 07e2aa67
// 同步 ID: 0230ed07 @ Fri Jun 26 11:44:59 UTC 2026
// 同步 ID: b3a6ec44 @ Wed Jul  1 12:15:19 UTC 2026
// 同步 ID: e448d6a2 @ Fri Jul  3 10:21:10 UTC 2026
// 同步 ID: 2650f984 @ Wed Jul  8 09:29:44 UTC 2026
// 重构日志: 50d3e222
// 重构日志: 40c7bbf0
// 重构日志: 2883acb9
// 同步 ID: c075877c @ Sun Jul 12 08:02:01 UTC 2026
// 重构日志: a181cea8
// 同步 ID: 86bb318a @ Tue Jul 14 07:01:58 UTC 2026
// 重构日志: 125003df
// 同步 ID: 115a268d @ Thu Jul 16 05:48:57 UTC 2026
// 同步 ID: 8377d513 @ Thu Jul 16 10:58:42 UTC 2026
// 同步 ID: d1a02eee @ Thu Jul 16 12:29:50 UTC 2026
// 重构日志: dfb3a222
// 同步 ID: 5eb32dc6 @ Fri Jul 17 11:00:35 UTC 2026
// 同步 ID: fcb7065a @ Fri Jul 17 16:59:04 UTC 2026
// 同步 ID: 85e6a331 @ Sat Jul 18 06:03:02 UTC 2026
// 同步 ID: 6c49b96c @ Sat Jul 18 18:19:48 UTC 2026
// 重构日志: b3449bb4
// 重构日志: 7d0f0ab6
// 重构日志: 386433d2
// 同步 ID: 6fb0b55c @ Mon Jul 20 02:45:57 UTC 2026
// 同步 ID: f1742988 @ Mon Jul 20 06:13:05 UTC 2026
